INFO: [VRFC 10-2263] Analyzing SystemVerilog file "C:/Users/nplaton/Downloads/lab2_NEW_030926-20260323T204423Z-3-001/lab2_NEW_030926/lab2/lab2/lab2.srcs/sources_1/imports/src/memcontroller.sv" into library xil_defaultlib
INFO: [VRFC 10-311] analyzing module MemControl
INFO: [VRFC 10-2263] Analyzing SystemVerilog file "C:/Users/nplaton/Desktop/riscv_single.sv" into library xil_defaultlib
INFO: [VRFC 10-311] analyzing module riscvsingle
INFO: [VRFC 10-311] analyzing module controller
INFO: [VRFC 10-311] analyzing module maindec
INFO: [VRFC 10-311] analyzing module aludec
INFO: [VRFC 10-311] analyzing module datapath
INFO: [VRFC 10-311] analyzing module adder
INFO: [VRFC 10-311] analyzing module extend
INFO: [VRFC 10-311] analyzing module flopr
INFO: [VRFC 10-311] analyzing module flopenr
INFO: [VRFC 10-311] analyzing module mux2
INFO: [VRFC 10-311] analyzing module mux3
INFO: [VRFC 10-311] analyzing module mux4
INFO: [VRFC 10-311] analyzing module mux5
INFO: [VRFC 10-311] analyzing module imem
INFO: [VRFC 10-311] analyzing module dmem
INFO: [VRFC 10-311] analyzing module alu
INFO: [VRFC 10-311] analyzing module regfile
INFO: [VRFC 10-2263] Analyzing Verilog file "C:/Users/nplaton/Downloads/Lab2_src/src/top.v" into library xil_defaultlib
INFO: [VRFC 10-311] analyzing module top
INFO: [VRFC 10-2263] Analyzing SystemVerilog file "C:/Users/nplaton/Downloads/lab2_NEW_030926-20260323T204423Z-3-001/lab2_NEW_030926/lab2/lab2/lab2.srcs/sources_1/bd/design_1/ipshared/d4a8/hdl/axi_vip_v1_1_vl_rfs.sv" into library axi_vip_v1_1_5
INFO: [VRFC 10-311] analyzing module axi_vip_v1_1_5_top
INFO: [VRFC 10-2263] Analyzing SystemVerilog file "C:/Users/nplaton/Downloads/lab2_NEW_030926-20260323T204423Z-3-001/lab2_NEW_030926/lab2/lab2/lab2.srcs/sources_1/bd/design_1/ipshared/8c62/hdl/processing_system7_vip_v1_0_vl_rfs.sv" into library processing_system7_vip_v1_0_7
INFO: [VRFC 10-311] analyzing module processing_system7_vip_v1_0_7_arb_wr
INFO: [VRFC 10-311] analyzing module processing_system7_vip_v1_0_7_arb_rd
INFO: [VRFC 10-311] analyzing module processing_system7_vip_v1_0_7_arb_wr_4
INFO: [VRFC 10-311] analyzing module processing_system7_vip_v1_0_7_arb_rd_4
INFO: [VRFC 10-311] analyzing module processing_system7_vip_v1_0_7_arb_hp2_3
INFO: [VRFC 10-311] analyzing module processing_system7_vip_v1_0_7_arb_hp0_1
INFO: [VRFC 10-311] analyzing module processing_system7_vip_v1_0_7_ssw_hp
INFO: [VRFC 10-311] analyzing module processing_system7_vip_v1_0_7_sparse_mem
INFO: [VRFC 10-311] analyzing module processing_system7_vip_v1_0_7_reg_map
INFO: [VRFC 10-311] analyzing module processing_system7_vip_v1_0_7_ocm_mem
INFO: [VRFC 10-311] analyzing module processing_system7_vip_v1_0_7_intr_wr_mem
INFO: [VRFC 10-311] analyzing module processing_system7_vip_v1_0_7_intr_rd_mem
INFO: [VRFC 10-311] analyzing module processing_system7_vip_v1_0_7_fmsw_gp
INFO: [VRFC 10-311] analyzing module processing_system7_vip_v1_0_7_regc
INFO: [VRFC 10-311] analyzing module processing_system7_vip_v1_0_7_ocmc
INFO: [VRFC 10-311] analyzing module processing_system7_vip_v1_0_7_interconnect_model
INFO: [VRFC 10-311] analyzing module processing_system7_vip_v1_0_7_gen_reset
INFO: [VRFC 10-311] analyzing module processing_system7_vip_v1_0_7_gen_clock
INFO: [VRFC 10-311] analyzing module processing_system7_vip_v1_0_7_ddrc
INFO: [VRFC 10-311] analyzing module processing_system7_vip_v1_0_7_axi_slave
INFO: [VRFC 10-311] analyzing module processing_system7_vip_v1_0_7_axi_slave_acp
INFO: [VRFC 10-311] analyzing module processing_system7_vip_v1_0_7_axi_master
INFO: [VRFC 10-311] analyzing module processing_system7_vip_v1_0_7_afi_slave
INFO: [VRFC 10-311] analyzing module processing_system7_vip_v1_0_7
INFO: [VRFC 10-2263] Analyzing Verilog file "C:/Users/nplaton/Downloads/lab2_NEW_030926-20260323T204423Z-3-001/lab2_NEW_030926/lab2/lab2/lab2.ip_user_files/bd/design_1/ip/design_1_processing_system7_0_0/sim/design_1_processing_system7_0_0.v" into library xil_defaultlib
INFO: [VRFC 10-311] analyzing module design_1_processing_system7_0_0
